#! /usr/bin/vvp
:ivl_version "12.0 (stable)";
:ivl_delay_selection "TYPICAL";
:vpi_time_precision + 0;
:vpi_module "/usr/lib/x86_64-linux-gnu/ivl/system.vpi";
:vpi_module "/usr/lib/x86_64-linux-gnu/ivl/vhdl_sys.vpi";
:vpi_module "/usr/lib/x86_64-linux-gnu/ivl/vhdl_textio.vpi";
:vpi_module "/usr/lib/x86_64-linux-gnu/ivl/v2005_math.vpi";
:vpi_module "/usr/lib/x86_64-linux-gnu/ivl/va_math.vpi";
S_0x5eabe3d56d10 .scope module, "Testbench" "Testbench" 2 22;
 .timescale 0 0;
v0x5eabe3d6a4f0_0 .var "t_a", 0 0;
v0x5eabe3d6a5b0_0 .net "t_and", 0 0, L_0x5eabe3d6a910;  1 drivers
v0x5eabe3d6a650_0 .var "t_b", 0 0;
v0x5eabe3d6a750_0 .net "t_or", 0 0, L_0x5eabe3d6aa70;  1 drivers
v0x5eabe3d6a820_0 .net "t_xor", 0 0, L_0x5eabe3d6ab30;  1 drivers
S_0x5eabe3d56ea0 .scope module, "my_chip" "BasicGates" 2 33, 2 2 0, S_0x5eabe3d56d10;
 .timescale 0 0;
    .port_info 0 /INPUT 1 "a";
    .port_info 1 /INPUT 1 "b";
    .port_info 2 /OUTPUT 1 "out_and";
    .port_info 3 /OUTPUT 1 "out_or";
    .port_info 4 /OUTPUT 1 "out_xor";
L_0x5eabe3d6a910 .functor AND 1, v0x5eabe3d6a4f0_0, v0x5eabe3d6a650_0, C4<1>, C4<1>;
L_0x5eabe3d6aa70 .functor OR 1, v0x5eabe3d6a4f0_0, v0x5eabe3d6a650_0, C4<0>, C4<0>;
L_0x5eabe3d6ab30 .functor XOR 1, v0x5eabe3d6a4f0_0, v0x5eabe3d6a650_0, C4<0>, C4<0>;
v0x5eabe3d57080_0 .net "a", 0 0, v0x5eabe3d6a4f0_0;  1 drivers
v0x5eabe3d6a120_0 .net "b", 0 0, v0x5eabe3d6a650_0;  1 drivers
v0x5eabe3d6a1e0_0 .net "out_and", 0 0, L_0x5eabe3d6a910;  alias, 1 drivers
v0x5eabe3d6a280_0 .net "out_or", 0 0, L_0x5eabe3d6aa70;  alias, 1 drivers
v0x5eabe3d6a340_0 .net "out_xor", 0 0, L_0x5eabe3d6ab30;  alias, 1 drivers
    .scope S_0x5eabe3d56d10;
T_0 ;
    %vpi_call 2 46 "$monitor", "Time: %2t | A: %b | B: %b || AND: %b | OR: %b | XOR: %b", $time, v0x5eabe3d6a4f0_0, v0x5eabe3d6a650_0, v0x5eabe3d6a5b0_0, v0x5eabe3d6a750_0, v0x5eabe3d6a820_0 {0 0 0};
    %pushi/vec4 0, 0, 1;
    %store/vec4 v0x5eabe3d6a4f0_0, 0, 1;
    %pushi/vec4 0, 0, 1;
    %store/vec4 v0x5eabe3d6a650_0, 0, 1;
    %delay 10, 0;
    %pushi/vec4 0, 0, 1;
    %store/vec4 v0x5eabe3d6a4f0_0, 0, 1;
    %pushi/vec4 1, 0, 1;
    %store/vec4 v0x5eabe3d6a650_0, 0, 1;
    %delay 10, 0;
    %pushi/vec4 1, 0, 1;
    %store/vec4 v0x5eabe3d6a4f0_0, 0, 1;
    %pushi/vec4 0, 0, 1;
    %store/vec4 v0x5eabe3d6a650_0, 0, 1;
    %delay 10, 0;
    %pushi/vec4 1, 0, 1;
    %store/vec4 v0x5eabe3d6a4f0_0, 0, 1;
    %pushi/vec4 1, 0, 1;
    %store/vec4 v0x5eabe3d6a650_0, 0, 1;
    %delay 10, 0;
    %vpi_call 2 68 "$finish" {0 0 0};
    %end;
    .thread T_0;
# The file index is used to find the file name in the following table.
:file_names 3;
    "N/A";
    "<interactive>";
    "basic_gates.v";
